\BOOKMARK [1][-]{section.1}{Bead on a tilted wire}{}% 1
\BOOKMARK [2][-]{subsection.1.1}{The case =0}{section.1}% 2
\BOOKMARK [3][-]{subsubsection.1.1.1}{Fixed points and their stability}{subsection.1.1}% 3
\BOOKMARK [3][-]{subsubsection.1.1.2}{Comparison of the full system with its first order approximation}{subsection.1.1}% 4
\BOOKMARK [2][-]{subsection.1.2}{The case =0}{section.1}% 5
\BOOKMARK [2][-]{subsection.1.3}{Numerical continuation}{section.1}% 6
\BOOKMARK [1][-]{section.2}{Aero-elastic galloping}{}% 7
\BOOKMARK [2][-]{subsection.2.1}{A linear approximation}{section.2}% 8
\BOOKMARK [2][-]{subsection.2.2}{Simulating the system}{section.2}% 9
\BOOKMARK [2][-]{subsection.2.3}{Bifurcation diagrams}{section.2}% 10
\BOOKMARK [1][-]{section.3}{Predator-Prey Model}{}% 11
\BOOKMARK [2][-]{subsection.3.1}{Introduction}{section.3}% 12
\BOOKMARK [2][-]{subsection.3.2}{A qualitative study for d=0}{section.3}% 13
\BOOKMARK [3][-]{subsubsection.3.2.1}{The model without predators}{subsection.3.2}% 14
\BOOKMARK [3][-]{subsubsection.3.2.2}{Steady state solutions and their stability}{subsection.3.2}% 15
\BOOKMARK [3][-]{subsubsection.3.2.3}{Separatrices and regions of attraction}{subsection.3.2}% 16
\BOOKMARK [3][-]{subsubsection.3.2.4}{An overview of the changes in the phase diagram}{subsection.3.2}% 17
\BOOKMARK [3][-]{subsubsection.3.2.5}{An important global bifurcation}{subsection.3.2}% 18
\BOOKMARK [3][-]{subsubsection.3.2.6}{Evolution of x and y on the limit cycles}{subsection.3.2}% 19
\BOOKMARK [2][-]{subsection.3.3}{Bifurcation analysis}{section.3}% 20
\BOOKMARK [3][-]{subsubsection.3.3.1}{Case d=0}{subsection.3.3}% 21
\BOOKMARK [3][-]{subsubsection.3.3.2}{Case d=0}{subsection.3.3}% 22
\BOOKMARK [1][-]{section.4}{Lyapunov's exponents, Chua's circuit and Duffing oscillator with periodic forcing}{}% 23
\BOOKMARK [2][-]{subsection.4.1}{Lyapunov exponents of the Lorenz Equations}{section.4}% 24
\BOOKMARK [2][-]{subsection.4.2}{the Duffing oscillator with periodic forcing}{section.4}% 25
\BOOKMARK [1][-]{section.5}{Pattern formation}{}% 26
\BOOKMARK [2][-]{subsection.5.1}{The Brusselator model}{section.5}% 27
\BOOKMARK [2][-]{subsection.5.2}{One-dimensional case}{section.5}% 28
\BOOKMARK [3][-]{subsubsection.5.2.1}{Stability of the spatially uniform steady state}{subsection.5.2}% 29
\BOOKMARK [3][-]{subsubsection.5.2.2}{The onset of Turing instability}{subsection.5.2}% 30
\BOOKMARK [3][-]{subsubsection.5.2.3}{Instability in the ODE system}{subsection.5.2}% 31
\BOOKMARK [2][-]{subsection.5.3}{Two-dimensional case: Brusselator applet}{section.5}% 32
\BOOKMARK [1][-]{appendix.A}{PPLANE Figures}{}% 33
\BOOKMARK [1][-]{appendix.B}{Duffing regimes}{}% 34
